<?xml version="1.0" encoding="UTF-8"?>
<!-- Generated by org.testng.reporters.JUnitXMLReporter -->
<testsuite ignored="0" hostname="Daniels-MacBook-Pro.local" failures="0" tests="57" name="JAVA_investing_app" time="7.417" errors="0" timestamp="2022-01-20T10:36:51 MST">
  <testcase classname="dev.SharkTests.SharkDAOTests" name="getAllSharks" time="0.706"/>
  <testcase classname="dev.SharkTests.SharkDAOTests" name="getSharkByUsername" time="0.549"/>
  <testcase classname="dev.SharkTests.SharkDAOTests" name="sharkCreateProfile" time="0.449"/>
  <testcase classname="dev.SharkTests.SharkServiceTests" name="createSharkProfileIncorrectDataType" time="0.01"/>
  <testcase classname="dev.SharkTests.SharkServiceTests" name="createSharkProfileNullValue" time="0.003"/>
  <testcase classname="dev.SharkTests.SharkServiceTests" name="createSharkProfileReturnedValue" time="0.011"/>
  <testcase classname="dev.SharkTests.SharkServiceTests" name="createSharkProfileShortPassword" time="0.001"/>
  <testcase classname="dev.SharkTests.SharkServiceTests" name="createSharkProfileShortUsername" time="0.002"/>
  <testcase classname="dev.SharkTests.SharkServiceTests" name="createSharkProfileTooManyChar" time="0.0"/>
  <testcase classname="dev.SharkTests.SharkServiceTests" name="createSharkProfileUniqueUsername" time="0.001"/>
  <testcase classname="dev.SharkTests.SharkServiceTests" name="sharkLoginNullValues" time="0.001"/>
  <testcase classname="dev.SharkTests.SharkServiceTests" name="sharkLoginPasswordFail" time="0.001"/>
  <testcase classname="dev.SharkTests.SharkServiceTests" name="sharkLoginServiceUsernamePasswordFail" time="0.001"/>
  <testcase classname="dev.SharkTests.SharkServiceTests" name="sharkLoginSuccess" time="0.001"/>
  <testcase classname="dev.SharkTests.SharkServiceTests" name="sharkLoginTooManyChar" time="0.0"/>
  <testcase classname="dev.SharkTests.SharkServiceTests" name="sharkLoginUsernameFail" time="0.0"/>
  <testcase classname="dev.commentingtests.CommentingDAOTest" name="getAllComments" time="0.427"/>
  <testcase classname="dev.commentingtests.CommentingDAOTest" name="selectCommentById" time="0.456"/>
  <testcase classname="dev.commentingtests.CommentingDAOTest" name="testCreateComment" time="0.486"/>
  <testcase classname="dev.commentingservicetests.CommentingServiceTests" name="badCommentDateMockito" time="0.001"/>
  <testcase classname="dev.commentingservicetests.CommentingServiceTests" name="badIdForCommentMockito" time="0.002"/>
  <testcase classname="dev.commentingservicetests.CommentingServiceTests" name="createCommentMockito" time="0.001"/>
  <testcase classname="dev.commentingservicetests.CommentingServiceTests" name="getAllComments" time="0.001"/>
  <testcase classname="dev.commentingservicetests.CommentingServiceTests" name="getCommentMockito" time="0.001"/>
  <testcase classname="dev.commentingservicetests.CommentingServiceTests" name="noCommentMockito" time="0.001"/>
  <testcase classname="dev.commentingservicetests.CommentingServiceTests" name="noDateMockito" time="0.001"/>
  <testcase classname="dev.commentingservicetests.CommentingServiceTests" name="tooLongCommentMockito" time="0.0"/>
  <testcase classname="dev.businesstests.BusinessDAOTest" name="getAllBusinesses" time="0.423"/>
  <testcase classname="dev.businesstests.BusinessDAOTest" name="selectBusinessById" time="0.484"/>
  <testcase classname="dev.businesstests.BusinessDAOTest" name="testCreateBusiness" time="0.444"/>
  <testcase classname="dev.businesstests.BusinessDAOTest" name="testGetBusinessByUserName" time="0.413"/>
  <testcase classname="dev.businessservicestests.BusinessServicesTests" name="businessByIdMockito" time="0.001"/>
  <testcase classname="dev.businessservicestests.BusinessServicesTests" name="businessLoginPasswordFailure" time="0.0"/>
  <testcase classname="dev.businessservicestests.BusinessServicesTests" name="businessLoginUsernameFailure" time="0.0"/>
  <testcase classname="dev.businessservicestests.BusinessServicesTests" name="createBusinessMockito" time="0.001"/>
  <testcase classname="dev.businessservicestests.BusinessServicesTests" name="createBusinessNameTooLong" time="0.001"/>
  <testcase classname="dev.businessservicestests.BusinessServicesTests" name="createBusinessProfileUniqueUsername" time="0.0"/>
  <testcase classname="dev.businessservicestests.BusinessServicesTests" name="createBusinessWithNoName" time="0.0"/>
  <testcase classname="dev.businessservicestests.BusinessServicesTests" name="createRoleTooLong" time="0.0"/>
  <testcase classname="dev.businessservicestests.BusinessServicesTests" name="loginCredentialsIncorrect" time="0.0"/>
  <testcase classname="dev.businessservicestests.BusinessServicesTests" name="longUserNameCreate" time="0.0"/>
  <testcase classname="dev.businessservicestests.BusinessServicesTests" name="nonLettersUsedInCreate" time="0.0"/>
  <testcase classname="dev.businessservicestests.BusinessServicesTests" name="shortUserNameCreate" time="0.001"/>
  <testcase classname="dev.businessservicestests.BusinessServicesTests" name="viewAllBusinessesMockito" time="0.001"/>
  <testcase classname="dev.pitchtests.PitchDAOTests" name="acceptOffer" time="0.443"/>
  <testcase classname="dev.pitchtests.PitchDAOTests" name="createPitch" time="0.57"/>
  <testcase classname="dev.pitchtests.PitchDAOTests" name="makeOffer" time="0.479"/>
  <testcase classname="dev.pitchtests.PitchDAOTests" name="viewPitches" time="0.457"/>
  <testcase classname="dev.pitchtests.PitchServiceTests" name="acceptOfferReturnedValue" time="0.001"/>
  <testcase classname="dev.pitchtests.PitchServiceTests" name="createPitchAmountTooHigh" time="0.001"/>
  <testcase classname="dev.pitchtests.PitchServiceTests" name="createPitchIncorrectDataType" time="0.001"/>
  <testcase classname="dev.pitchtests.PitchServiceTests" name="createPitchNullValue" time="0.001"/>
  <testcase classname="dev.pitchtests.PitchServiceTests" name="createPitchPercentTooHigh" time="0.001"/>
  <testcase classname="dev.pitchtests.PitchServiceTests" name="createPitchReturnedValue" time="0.001"/>
  <testcase classname="dev.pitchtests.PitchServiceTests" name="createPitchTooManyChar" time="0.001"/>
  <testcase classname="dev.pitchtests.PitchServiceTests" name="makeOfferReturnedValue" time="0.001"/>
  <testcase classname="dev.pitchtests.PitchServiceTests" name="viewPitchesReturnedValue" time="0.001"/>
</testsuite> <!-- JAVA_investing_app -->
