<?xml version="1.0" encoding="UTF-8"?>
<!-- Generated by org.testng.reporters.JUnitXMLReporter -->
<testsuite ignored="0" hostname="MacBook-Pro-2.local" failures="0" tests="57" name="JAVA_investing_app" time="8.974" errors="0" timestamp="2022-01-13T00:39:00 EST">
  <testcase classname="dev.SharkTests.SharkDAOTests" name="getAllSharks" time="0.926"/>
  <testcase classname="dev.SharkTests.SharkDAOTests" name="getSharkByUsername" time="0.505"/>
  <testcase classname="dev.SharkTests.SharkDAOTests" name="sharkCreateProfile" time="0.574"/>
  <testcase classname="dev.SharkTests.SharkServiceTests" name="createSharkProfileIncorrectDataType" time="0.004"/>
  <testcase classname="dev.SharkTests.SharkServiceTests" name="createSharkProfileNullValue" time="0.001"/>
  <testcase classname="dev.SharkTests.SharkServiceTests" name="createSharkProfileReturnedValue" time="0.003"/>
  <testcase classname="dev.SharkTests.SharkServiceTests" name="createSharkProfileShortPassword" time="0.0"/>
  <testcase classname="dev.SharkTests.SharkServiceTests" name="createSharkProfileShortUsername" time="0.001"/>
  <testcase classname="dev.SharkTests.SharkServiceTests" name="createSharkProfileTooManyChar" time="0.0"/>
  <testcase classname="dev.SharkTests.SharkServiceTests" name="createSharkProfileUniqueUsername" time="0.001"/>
  <testcase classname="dev.SharkTests.SharkServiceTests" name="sharkLoginNullValues" time="0.0"/>
  <testcase classname="dev.SharkTests.SharkServiceTests" name="sharkLoginPasswordFail" time="0.001"/>
  <testcase classname="dev.SharkTests.SharkServiceTests" name="sharkLoginServiceUsernamePasswordFail" time="0.0"/>
  <testcase classname="dev.SharkTests.SharkServiceTests" name="sharkLoginSuccess" time="0.001"/>
  <testcase classname="dev.SharkTests.SharkServiceTests" name="sharkLoginTooManyChar" time="0.0"/>
  <testcase classname="dev.SharkTests.SharkServiceTests" name="sharkLoginUsernameFail" time="0.0"/>
  <testcase classname="dev.businesstests.BusinessDAOTest" name="getAllBusinesses" time="0.533"/>
  <testcase classname="dev.businesstests.BusinessDAOTest" name="selectBusinessById" time="0.592"/>
  <testcase classname="dev.businesstests.BusinessDAOTest" name="testCreateBusiness" time="0.647"/>
  <testcase classname="dev.businesstests.BusinessDAOTest" name="testGetBusinessByUserName" time="0.616"/>
  <testcase classname="dev.businessservicestests.BusinessServicesTests" name="businessByIdMockito" time="0.0"/>
  <testcase classname="dev.businessservicestests.BusinessServicesTests" name="businessLoginPasswordFailure" time="0.0"/>
  <testcase classname="dev.businessservicestests.BusinessServicesTests" name="businessLoginUsernameFailure" time="0.001"/>
  <testcase classname="dev.businessservicestests.BusinessServicesTests" name="createBusinessMockito" time="0.0"/>
  <testcase classname="dev.businessservicestests.BusinessServicesTests" name="createBusinessNameTooLong" time="0.0"/>
  <testcase classname="dev.businessservicestests.BusinessServicesTests" name="createBusinessProfileUniqueUsername" time="0.001"/>
  <testcase classname="dev.businessservicestests.BusinessServicesTests" name="createBusinessWithNoName" time="0.0"/>
  <testcase classname="dev.businessservicestests.BusinessServicesTests" name="createRoleTooLong" time="0.0"/>
  <testcase classname="dev.businessservicestests.BusinessServicesTests" name="loginCredentialsIncorrect" time="0.0"/>
  <testcase classname="dev.businessservicestests.BusinessServicesTests" name="longUserNameCreate" time="0.001"/>
  <testcase classname="dev.businessservicestests.BusinessServicesTests" name="nonLettersUsedInCreate" time="0.0"/>
  <testcase classname="dev.businessservicestests.BusinessServicesTests" name="shortUserNameCreate" time="0.0"/>
  <testcase classname="dev.businessservicestests.BusinessServicesTests" name="viewAllBusinessesMockito" time="0.001"/>
  <testcase classname="dev.pitchtests.PitchDAOTests" name="acceptOffer" time="0.516"/>
  <testcase classname="dev.pitchtests.PitchDAOTests" name="createPitch" time="0.548"/>
  <testcase classname="dev.pitchtests.PitchDAOTests" name="makeOffer" time="0.538"/>
  <testcase classname="dev.pitchtests.PitchDAOTests" name="viewPitches" time="0.546"/>
  <testcase classname="dev.pitchtests.PitchServiceTests" name="acceptOfferReturnedValue" time="0.001"/>
  <testcase classname="dev.pitchtests.PitchServiceTests" name="createPitchAmountTooHigh" time="0.0"/>
  <testcase classname="dev.pitchtests.PitchServiceTests" name="createPitchIncorrectDataType" time="0.001"/>
  <testcase classname="dev.pitchtests.PitchServiceTests" name="createPitchNullValue" time="0.001"/>
  <testcase classname="dev.pitchtests.PitchServiceTests" name="createPitchPercentTooHigh" time="0.001"/>
  <testcase classname="dev.pitchtests.PitchServiceTests" name="createPitchReturnedValue" time="0.001"/>
  <testcase classname="dev.pitchtests.PitchServiceTests" name="createPitchTooManyChar" time="0.001"/>
  <testcase classname="dev.pitchtests.PitchServiceTests" name="makeOfferReturnedValue" time="0.0"/>
  <testcase classname="dev.pitchtests.PitchServiceTests" name="viewPitchesReturnedValue" time="0.0"/>
  <testcase classname="dev.commentingtests.CommentingDAOTest" name="getAllComments" time="0.566"/>
  <testcase classname="dev.commentingtests.CommentingDAOTest" name="selectCommentById" time="0.723"/>
  <testcase classname="dev.commentingtests.CommentingDAOTest" name="testCreateComment" time="0.804"/>
  <testcase classname="dev.commentingservicetests.CommentingServiceTests" name="badCommentDateMockito" time="0.0"/>
  <testcase classname="dev.commentingservicetests.CommentingServiceTests" name="badIdForCommentMockito" time="0.001"/>
  <testcase classname="dev.commentingservicetests.CommentingServiceTests" name="createCommentMockito" time="0.0"/>
  <testcase classname="dev.commentingservicetests.CommentingServiceTests" name="getAllComments" time="0.001"/>
  <testcase classname="dev.commentingservicetests.CommentingServiceTests" name="getCommentMockito" time="0.0"/>
  <testcase classname="dev.commentingservicetests.CommentingServiceTests" name="noCommentMockito" time="0.001"/>
  <testcase classname="dev.commentingservicetests.CommentingServiceTests" name="noDateMockito" time="0.0"/>
  <testcase classname="dev.commentingservicetests.CommentingServiceTests" name="tooLongCommentMockito" time="0.001"/>
</testsuite> <!-- JAVA_investing_app -->
